c:\users\leo\source\repos\cs-go-cheat\build\intermediates\vc143.pdb
c:\users\leo\source\repos\cs-go-cheat\build\intermediates\vc143.idb
c:\users\leo\source\repos\cs-go-cheat\build\intermediates\visuals.obj
c:\users\leo\source\repos\cs-go-cheat\build\intermediates\interfaces.obj
c:\users\leo\source\repos\cs-go-cheat\build\intermediates\gui.obj
c:\users\leo\source\repos\cs-go-cheat\build\intermediates\netvars.obj
c:\users\leo\source\repos\cs-go-cheat\build\intermediates\misc.obj
c:\users\leo\source\repos\cs-go-cheat\build\intermediates\memory.obj
c:\users\leo\source\repos\cs-go-cheat\build\intermediates\globals.obj
c:\users\leo\source\repos\cs-go-cheat\build\intermediates\imgui_widgets.obj
c:\users\leo\source\repos\cs-go-cheat\build\intermediates\imgui_tables.obj
c:\users\leo\source\repos\cs-go-cheat\build\intermediates\imgui_impl_win32.obj
c:\users\leo\source\repos\cs-go-cheat\build\intermediates\imgui_impl_dx9.obj
c:\users\leo\source\repos\cs-go-cheat\build\intermediates\antiaim.obj
c:\users\leo\source\repos\cs-go-cheat\build\intermediates\aimbot.obj
c:\users\leo\source\repos\cs-go-cheat\build\intermediates\main.obj
c:\users\leo\source\repos\cs-go-cheat\build\intermediates\hooks.obj
c:\users\leo\source\repos\cs-go-cheat\build\intermediates\trampoline.obj
c:\users\leo\source\repos\cs-go-cheat\build\intermediates\hook.obj
c:\users\leo\source\repos\cs-go-cheat\build\intermediates\hde64.obj
c:\users\leo\source\repos\cs-go-cheat\build\intermediates\hde32.obj
c:\users\leo\source\repos\cs-go-cheat\build\intermediates\buffer.obj
c:\users\leo\source\repos\cs-go-cheat\build\intermediates\drawmodelexecute.obj
c:\users\leo\source\repos\cs-go-cheat\build\grenadeware.dll
c:\users\leo\source\repos\cs-go-cheat\build\intermediates\grenadeware.ilk
c:\users\leo\source\repos\cs-go-cheat\build\grenadeware.pdb
c:\users\leo\source\repos\cs-go-cheat\build\intermediates\dopostscreenspaceeffects.obj
c:\users\leo\source\repos\cs-go-cheat\build\intermediates\imgui.obj
c:\users\leo\source\repos\cs-go-cheat\build\intermediates\imgui_demo.obj
c:\users\leo\source\repos\cs-go-cheat\build\intermediates\imgui_draw.obj
c:\users\leo\source\repos\cs-go-cheat\build\intermediates\nativecodeanalysis.read.1.tlog
c:\users\leo\source\repos\cs-go-cheat\build\intermediates\hooks.nativecodeanalysis.xml
c:\users\leo\source\repos\cs-go-cheat\build\intermediates\vc.nativecodeanalysis.all.xml
c:\users\leo\source\repos\cs-go-cheat\build\intermediates\internal menu.vcxproj.filelistabsolute.txt
c:\users\leo\source\repos\cs-go-cheat\build\intermediates\grenadeware.tlog\cl.command.1.tlog
c:\users\leo\source\repos\cs-go-cheat\build\intermediates\grenadeware.tlog\cl.read.1.tlog
c:\users\leo\source\repos\cs-go-cheat\build\intermediates\grenadeware.tlog\cl.write.1.tlog
c:\users\leo\source\repos\cs-go-cheat\build\intermediates\grenadeware.tlog\link.command.1.tlog
c:\users\leo\source\repos\cs-go-cheat\build\intermediates\grenadeware.tlog\link.read.1.tlog
c:\users\leo\source\repos\cs-go-cheat\build\intermediates\grenadeware.tlog\link.write.1.tlog
